<?xml version="1.0" encoding="UTF-8"?>
<!-- Generated by org.testng.reporters.JUnitReportReporter -->
<testsuite hostname="salman-PC" name="Testcases.Testtogcrit" tests="1" failures="0" timestamp="22 Dec 2019 10:00:33 GMT" time="3.577" errors="0">
  <testcase name="launchapp" time="3.577" classname="Testcases.Testtogcrit"/>
</testsuite> <!-- Testcases.Testtogcrit -->
