<?xml version="1.0" encoding="UTF-8"?>
<!-- Generated by org.testng.reporters.JUnitReportReporter -->
<testsuite hostname="salman-PC" name="Testcases.Testtogcrit" tests="1" failures="0" timestamp="24 Feb 2020 11:15:19 GMT" time="4.654" errors="0">
  <testcase name="launchapp" time="4.654" classname="Testcases.Testtogcrit"/>
</testsuite> <!-- Testcases.Testtogcrit -->
